{
  "summary": {
    "total": 32,
    "timestamp": "2026-02-21T10:26:08.018Z",
    "cwd": "D:\\ALL IN AI\\MetaBlog\\tests"
  },
  "errors": [
    {
      "filePath": "../.vitepress/agent/api/index.ts",
      "line": 28,
      "column": 3,
      "severity": "error",
      "code": "TS2305",
      "message": "Module '\"./memory\"' has no exported member 'addMemory'.",
      "details": [],
      "raw": "../.vitepress/agent/api/index.ts(28,3): error TS2305: Module '\"./memory\"' has no exported member 'addMemory'.",
      "sourceCode": "addMemory,"
    },
    {
      "filePath": "../.vitepress/agent/api/index.ts",
      "line": 29,
      "column": 3,
      "severity": "error",
      "code": "TS2305",
      "message": "Module '\"./memory\"' has no exported member 'searchMemory'.",
      "details": [],
      "raw": "../.vitepress/agent/api/index.ts(29,3): error TS2305: Module '\"./memory\"' has no exported member 'searchMemory'.",
      "sourceCode": "searchMemory,"
    },
    {
      "filePath": "../.vitepress/agent/api/index.ts",
      "line": 54,
      "column": 3,
      "severity": "error",
      "code": "TS2305",
      "message": "Module '\"./memory\"' has no exported member 'MemoryItem'.",
      "details": [],
      "raw": "../.vitepress/agent/api/index.ts(54,3): error TS2305: Module '\"./memory\"' has no exported member 'MemoryItem'.",
      "sourceCode": "MemoryItem,"
    },
    {
      "filePath": "../.vitepress/agent/api/index.ts",
      "line": 55,
      "column": 3,
      "severity": "error",
      "code": "TS2459",
      "message": "Module '\"./memory\"' declares 'SessionMemory' locally, but it is not exported.",
      "details": [],
      "raw": "../.vitepress/agent/api/index.ts(55,3): error TS2459: Module '\"./memory\"' declares 'SessionMemory' locally, but it is not exported.",
      "sourceCode": "SessionMemory"
    },
    {
      "filePath": "../.vitepress/agent/core/IntentRouter.ts",
      "line": 87,
      "column": 30,
      "severity": "error",
      "code": "TS18048",
      "message": "'input' is possibly 'undefined'.",
      "details": [],
      "raw": "../.vitepress/agent/core/IntentRouter.ts(87,30): error TS18048: 'input' is possibly 'undefined'.",
      "sourceCode": "const topicMatch = input.match(/(?:关于|介绍)(.+?)(?:的|教程|文章|博客|内容|，|,|$)/i)"
    },
    {
      "filePath": "../.vitepress/agent/stores/chatStore.ts",
      "line": 90,
      "column": 39,
      "severity": "error",
      "code": "TS7006",
      "message": "Parameter 's' implicitly has an 'any' type.",
      "details": [],
      "raw": "../.vitepress/agent/stores/chatStore.ts(90,39): error TS7006: Parameter 's' implicitly has an 'any' type.",
      "sourceCode": "return sessionStore.sessions.find(s => s.id === currentSessionId.value) || null"
    },
    {
      "filePath": "../.vitepress/agent/stores/chatStore.ts",
      "line": 135,
      "column": 7,
      "severity": "error",
      "code": "TS2322",
      "message": "Type '\"completed\"' is not assignable to type 'MessageStatus'.",
      "details": [],
      "raw": "../.vitepress/agent/stores/chatStore.ts(135,7): error TS2322: Type '\"completed\"' is not assignable to type 'MessageStatus'.",
      "sourceCode": "status: 'completed' as const,"
    },
    {
      "filePath": "../.vitepress/agent/stores/chatStore.ts",
      "line": 140,
      "column": 29,
      "severity": "error",
      "code": "TS2345",
      "message": "Argument of type 'Message' is not assignable to parameter of type '{ sessionId: string; role: MessageRole; content: string; reasoning?: string | undefined; status?: MessageStatus | undefined; attachedArticles?: { path: string; title: string; }[] | undefined; metadata?: { ...; } | undefined; }'.",
      "details": [
        "Types of property 'status' are incompatible.",
        "Type 'MessageStatus' is not assignable to type 'MessageStatus | undefined'.",
        "Type '\"sending\"' is not assignable to type 'MessageStatus | undefined'. Did you mean '\"pending\"'?"
      ],
      "raw": "../.vitepress/agent/stores/chatStore.ts(140,29): error TS2345: Argument of type 'Message' is not assignable to parameter of type '{ sessionId: string; role: MessageRole; content: string; reasoning?: string | undefined; status?: MessageStatus | undefined; attachedArticles?: { path: string; title: string; }[] | undefined; metadata?: { ...; } | undefined; }'.\n  Types of property 'status' are incompatible.\n    Type 'MessageStatus' is not assignable to type 'MessageStatus | undefined'.\n      Type '\"sending\"' is not assignable to type 'MessageStatus | undefined'. Did you mean '\"pending\"'?",
      "sourceCode": "messageStore.addMessage(reply)"
    },
    {
      "filePath": "../.vitepress/agent/stores/chatStore.ts",
      "line": 187,
      "column": 7,
      "severity": "error",
      "code": "TS2322",
      "message": "Type 'string | null' is not assignable to type 'string'.",
      "details": [
        "Type 'null' is not assignable to type 'string'."
      ],
      "raw": "../.vitepress/agent/stores/chatStore.ts(187,7): error TS2322: Type 'string | null' is not assignable to type 'string'.\n  Type 'null' is not assignable to type 'string'.",
      "sourceCode": "sessionId,"
    },
    {
      "filePath": "../.vitepress/agent/stores/chatStore.ts",
      "line": 190,
      "column": 7,
      "severity": "error",
      "code": "TS2322",
      "message": "Type '\"sent\"' is not assignable to type 'MessageStatus | undefined'.",
      "details": [],
      "raw": "../.vitepress/agent/stores/chatStore.ts(190,7): error TS2322: Type '\"sent\"' is not assignable to type 'MessageStatus | undefined'.",
      "sourceCode": "status: 'sent'"
    },
    {
      "filePath": "../.vitepress/agent/stores/chatStore.ts",
      "line": 200,
      "column": 11,
      "severity": "error",
      "code": "TS2322",
      "message": "Type 'string | null' is not assignable to type 'string'.",
      "details": [
        "Type 'null' is not assignable to type 'string'."
      ],
      "raw": "../.vitepress/agent/stores/chatStore.ts(200,11): error TS2322: Type 'string | null' is not assignable to type 'string'.\n  Type 'null' is not assignable to type 'string'.",
      "sourceCode": "sessionId,"
    },
    {
      "filePath": "../.vitepress/agent/stores/sessionStore.ts",
      "line": 27,
      "column": 24,
      "severity": "error",
      "code": "TS2304",
      "message": "Cannot find name 'Session'.",
      "details": [],
      "raw": "../.vitepress/agent/stores/sessionStore.ts(27,24): error TS2304: Cannot find name 'Session'.",
      "sourceCode": "const sessions = ref<Session[]>([])"
    },
    {
      "filePath": "../.vitepress/agent/stores/sessionStore.ts",
      "line": 49,
      "column": 39,
      "severity": "error",
      "code": "TS2304",
      "message": "Cannot find name 'Session'.",
      "details": [],
      "raw": "../.vitepress/agent/stores/sessionStore.ts(49,39): error TS2304: Cannot find name 'Session'.",
      "sourceCode": "const currentSession = computed((): Session | null => {"
    },
    {
      "filePath": "../.vitepress/agent/stores/sessionStore.ts",
      "line": 51,
      "column": 32,
      "severity": "error",
      "code": "TS7006",
      "message": "Parameter 's' implicitly has an 'any' type.",
      "details": [],
      "raw": "../.vitepress/agent/stores/sessionStore.ts(51,32): error TS7006: Parameter 's' implicitly has an 'any' type.",
      "sourceCode": "return sessions.value.find(s => s.id === currentSessionId.value) || null"
    },
    {
      "filePath": "../.vitepress/agent/stores/sessionStore.ts",
      "line": 57,
      "column": 39,
      "severity": "error",
      "code": "TS2304",
      "message": "Cannot find name 'Session'.",
      "details": [],
      "raw": "../.vitepress/agent/stores/sessionStore.ts(57,39): error TS2304: Cannot find name 'Session'.",
      "sourceCode": "const sortedSessions = computed((): Session[] => {"
    },
    {
      "filePath": "../.vitepress/agent/stores/sessionStore.ts",
      "line": 70,
      "column": 38,
      "severity": "error",
      "code": "TS2304",
      "message": "Cannot find name 'Session'.",
      "details": [],
      "raw": "../.vitepress/agent/stores/sessionStore.ts(70,38): error TS2304: Cannot find name 'Session'.",
      "sourceCode": "const todaySessions = computed((): Session[] => {"
    },
    {
      "filePath": "../.vitepress/agent/stores/sessionStore.ts",
      "line": 79,
      "column": 42,
      "severity": "error",
      "code": "TS2304",
      "message": "Cannot find name 'Session'.",
      "details": [],
      "raw": "../.vitepress/agent/stores/sessionStore.ts(79,42): error TS2304: Cannot find name 'Session'.",
      "sourceCode": "const yesterdaySessions = computed((): Session[] => {"
    },
    {
      "filePath": "../.vitepress/agent/stores/sessionStore.ts",
      "line": 93,
      "column": 41,
      "severity": "error",
      "code": "TS2304",
      "message": "Cannot find name 'Session'.",
      "details": [],
      "raw": "../.vitepress/agent/stores/sessionStore.ts(93,41): error TS2304: Cannot find name 'Session'.",
      "sourceCode": "const thisWeekSessions = computed((): Session[] => {"
    },
    {
      "filePath": "../.vitepress/agent/stores/sessionStore.ts",
      "line": 102,
      "column": 38,
      "severity": "error",
      "code": "TS2304",
      "message": "Cannot find name 'Session'.",
      "details": [],
      "raw": "../.vitepress/agent/stores/sessionStore.ts(102,38): error TS2304: Cannot find name 'Session'.",
      "sourceCode": "const olderSessions = computed((): Session[] => {"
    },
    {
      "filePath": "../.vitepress/agent/stores/sessionStore.ts",
      "line": 153,
      "column": 64,
      "severity": "error",
      "code": "TS2304",
      "message": "Cannot find name 'Session'.",
      "details": [],
      "raw": "../.vitepress/agent/stores/sessionStore.ts(153,64): error TS2304: Cannot find name 'Session'.",
      "sourceCode": "async function createSession(title: string = '新对话'): Promise<Session> {"
    },
    {
      "filePath": "../.vitepress/agent/stores/sessionStore.ts",
      "line": 155,
      "column": 20,
      "severity": "error",
      "code": "TS2304",
      "message": "Cannot find name 'Session'.",
      "details": [],
      "raw": "../.vitepress/agent/stores/sessionStore.ts(155,20): error TS2304: Cannot find name 'Session'.",
      "sourceCode": "const session: Session = {"
    },
    {
      "filePath": "../.vitepress/agent/stores/sessionStore.ts",
      "line": 188,
      "column": 46,
      "severity": "error",
      "code": "TS7006",
      "message": "Parameter 's' implicitly has an 'any' type.",
      "details": [],
      "raw": "../.vitepress/agent/stores/sessionStore.ts(188,46): error TS7006: Parameter 's' implicitly has an 'any' type.",
      "sourceCode": "sessions.value = sessions.value.filter(s => s.id !== session.id)"
    },
    {
      "filePath": "../.vitepress/agent/stores/sessionStore.ts",
      "line": 211,
      "column": 68,
      "severity": "error",
      "code": "TS2304",
      "message": "Cannot find name 'Session'.",
      "details": [],
      "raw": "../.vitepress/agent/stores/sessionStore.ts(211,68): error TS2304: Cannot find name 'Session'.",
      "sourceCode": "async function updateSession(sessionId: string, updates: Partial<Session>): Promise<boolean> {"
    },
    {
      "filePath": "../.vitepress/agent/stores/sessionStore.ts",
      "line": 212,
      "column": 41,
      "severity": "error",
      "code": "TS7006",
      "message": "Parameter 's' implicitly has an 'any' type.",
      "details": [],
      "raw": "../.vitepress/agent/stores/sessionStore.ts(212,41): error TS7006: Parameter 's' implicitly has an 'any' type.",
      "sourceCode": "const session = sessions.value.find(s => s.id === sessionId)"
    },
    {
      "filePath": "../.vitepress/agent/stores/sessionStore.ts",
      "line": 241,
      "column": 41,
      "severity": "error",
      "code": "TS7006",
      "message": "Parameter 's' implicitly has an 'any' type.",
      "details": [],
      "raw": "../.vitepress/agent/stores/sessionStore.ts(241,41): error TS7006: Parameter 's' implicitly has an 'any' type.",
      "sourceCode": "const session = sessions.value.find(s => s.id === sessionId)"
    },
    {
      "filePath": "../.vitepress/agent/stores/sessionStore.ts",
      "line": 268,
      "column": 44,
      "severity": "error",
      "code": "TS7006",
      "message": "Parameter 's' implicitly has an 'any' type.",
      "details": [],
      "raw": "../.vitepress/agent/stores/sessionStore.ts(268,44): error TS7006: Parameter 's' implicitly has an 'any' type.",
      "sourceCode": "const index = sessions.value.findIndex(s => s.id === sessionId)"
    },
    {
      "filePath": "../.vitepress/agent/stores/sessionStore.ts",
      "line": 299,
      "column": 41,
      "severity": "error",
      "code": "TS7006",
      "message": "Parameter 's' implicitly has an 'any' type.",
      "details": [],
      "raw": "../.vitepress/agent/stores/sessionStore.ts(299,41): error TS7006: Parameter 's' implicitly has an 'any' type.",
      "sourceCode": "const session = sessions.value.find(s => s.id === sessionId)"
    },
    {
      "filePath": "../.vitepress/agent/stores/sessionStore.ts",
      "line": 309,
      "column": 41,
      "severity": "error",
      "code": "TS7006",
      "message": "Parameter 's' implicitly has an 'any' type.",
      "details": [],
      "raw": "../.vitepress/agent/stores/sessionStore.ts(309,41): error TS7006: Parameter 's' implicitly has an 'any' type.",
      "sourceCode": "const session = sessions.value.find(s => s.id === sessionId)"
    },
    {
      "filePath": "../.vitepress/agent/stores/sessionStore.ts",
      "line": 320,
      "column": 41,
      "severity": "error",
      "code": "TS7006",
      "message": "Parameter 's' implicitly has an 'any' type.",
      "details": [],
      "raw": "../.vitepress/agent/stores/sessionStore.ts(320,41): error TS7006: Parameter 's' implicitly has an 'any' type.",
      "sourceCode": "const session = sessions.value.find(s => s.id === sessionId)"
    },
    {
      "filePath": "../.vitepress/agent/stores/sessionStore.ts",
      "line": 333,
      "column": 43,
      "severity": "error",
      "code": "TS2304",
      "message": "Cannot find name 'Session'.",
      "details": [],
      "raw": "../.vitepress/agent/stores/sessionStore.ts(333,43): error TS2304: Cannot find name 'Session'.",
      "sourceCode": "function searchSessions(query: string): Session[] {"
    },
    {
      "filePath": "../.vitepress/agent/stores/sessionStore.ts",
      "line": 335,
      "column": 34,
      "severity": "error",
      "code": "TS7006",
      "message": "Parameter 's' implicitly has an 'any' type.",
      "details": [],
      "raw": "../.vitepress/agent/stores/sessionStore.ts(335,34): error TS7006: Parameter 's' implicitly has an 'any' type.",
      "sourceCode": "return sessions.value.filter(s =>"
    },
    {
      "filePath": "../.vitepress/agent/stores/sessionStore.ts",
      "line": 352,
      "column": 39,
      "severity": "error",
      "code": "TS7006",
      "message": "Parameter 's' implicitly has an 'any' type.",
      "details": [],
      "raw": "../.vitepress/agent/stores/sessionStore.ts(352,39): error TS7006: Parameter 's' implicitly has an 'any' type.\n",
      "sourceCode": "if (lastId && sessions.value.find(s => s.id === lastId)) {"
    }
  ]
}